This is XeTeX, Version 3.14159265-2.6-0.999991 (TeX Live 2019/Debian) (preloaded format=xelatex 2024.3.26)  26 MAR 2026 12:10
entering extended mode
 \write18 enabled.
 file:line:error style messages enabled.
 %&-line parsing enabled.
**intro_microcredential_UCLM.tex
(./intro_microcredential_UCLM.tex
LaTeX2e <2020-02-02> patch level 2
L3 programming layer <2020-02-14> (/usr/share/texlive/texmf-dist/tex/latex/base
/article.cls
Document Class: article 2019/12/20 v1.4l Standard LaTeX document class
(/usr/share/texlive/texmf-dist/tex/latex/base/size10.clo
File: size10.clo 2019/12/20 v1.4l Standard LaTeX file (size option)
)
\c@part=\count163
\c@section=\count164
\c@subsection=\count165
\c@subsubsection=\count166
\c@paragraph=\count167
\c@subparagraph=\count168
\c@figure=\count169
\c@table=\count170
\abovecaptionskip=\skip47
\belowcaptionskip=\skip48
\bibindent=\dimen134
) (/usr/share/texlive/texmf-dist/tex/latex/hyperref/hyperref.sty
Package: hyperref 2020/01/14 v7.00d Hypertext links for LaTeX
(/usr/share/texlive/texmf-dist/tex/generic/ltxcmds/ltxcmds.sty
Package: ltxcmds 2019/12/15 v1.24 LaTeX kernel commands for general use (HO)
) (/usr/share/texlive/texmf-dist/tex/generic/iftex/iftex.sty
Package: iftex 2019/11/07 v1.0c TeX engine tests
) (/usr/share/texlive/texmf-dist/tex/latex/pdftexcmds/pdftexcmds.sty
Package: pdftexcmds 2019/11/24 v0.31 Utility functions of pdfTeX for LuaTeX (HO
)
(/usr/share/texlive/texmf-dist/tex/generic/infwarerr/infwarerr.sty
Package: infwarerr 2019/12/03 v1.5 Providing info/warning/error messages (HO)
)
Package pdftexcmds Info: \pdf@primitive is available.
Package pdftexcmds Info: \pdf@ifprimitive is available.
Package pdftexcmds Info: \pdfdraftmode not found.
) (/usr/share/texlive/texmf-dist/tex/latex/graphics/keyval.sty
Package: keyval 2014/10/28 v1.15 key=value parser (DPC)
\KV@toks@=\toks14
) (/usr/share/texlive/texmf-dist/tex/generic/kvsetkeys/kvsetkeys.sty
Package: kvsetkeys 2019/12/15 v1.18 Key value parser (HO)
) (/usr/share/texlive/texmf-dist/tex/generic/kvdefinekeys/kvdefinekeys.sty
Package: kvdefinekeys 2019-12-19 v1.6 Define keys (HO)
) (/usr/share/texlive/texmf-dist/tex/generic/pdfescape/pdfescape.sty
Package: pdfescape 2019/12/09 v1.15 Implements pdfTeX's escape features (HO)
) (/usr/share/texlive/texmf-dist/tex/latex/hycolor/hycolor.sty
Package: hycolor 2020-01-27 v1.10 Color options for hyperref/bookmark (HO)
) (/usr/share/texlive/texmf-dist/tex/latex/letltxmacro/letltxmacro.sty
Package: letltxmacro 2019/12/03 v1.6 Let assignment for LaTeX macros (HO)
) (/usr/share/texlive/texmf-dist/tex/latex/auxhook/auxhook.sty
Package: auxhook 2019-12-17 v1.6 Hooks for auxiliary files (HO)
) (/usr/share/texlive/texmf-dist/tex/latex/kvoptions/kvoptions.sty
Package: kvoptions 2019/11/29 v3.13 Key value format for package options (HO)
)
\@linkdim=\dimen135
\Hy@linkcounter=\count171
\Hy@pagecounter=\count172
(/usr/share/texlive/texmf-dist/tex/latex/hyperref/pd1enc.def
File: pd1enc.def 2020/01/14 v7.00d Hyperref: PDFDocEncoding definition (HO)
) (/usr/share/texlive/texmf-dist/tex/generic/intcalc/intcalc.sty
Package: intcalc 2019/12/15 v1.3 Expandable calculations with integers (HO)
) (/usr/share/texlive/texmf-dist/tex/generic/etexcmds/etexcmds.sty
Package: etexcmds 2019/12/15 v1.7 Avoid name clashes with e-TeX commands (HO)
)
\Hy@SavedSpaceFactor=\count173
Package hyperref Info: Hyper figures OFF on input line 4547.
Package hyperref Info: Link nesting OFF on input line 4552.
Package hyperref Info: Hyper index ON on input line 4555.
Package hyperref Info: Plain pages OFF on input line 4562.
Package hyperref Info: Backreferencing OFF on input line 4567.
Package hyperref Info: Implicit mode ON; LaTeX internals redefined.
Package hyperref Info: Bookmarks ON on input line 4800.
\c@Hy@tempcnt=\count174
(/usr/share/texlive/texmf-dist/tex/latex/url/url.sty
\Urlmuskip=\muskip16
Package: url 2013/09/16  ver 3.4  Verb mode for urls, etc.
)
LaTeX Info: Redefining \url on input line 5159.
\XeTeXLinkMargin=\dimen136
(/usr/share/texlive/texmf-dist/tex/generic/bitset/bitset.sty
Package: bitset 2019/12/09 v1.3 Handle bit-vector datatype (HO)
(/usr/share/texlive/texmf-dist/tex/generic/bigintcalc/bigintcalc.sty
Package: bigintcalc 2019/12/15 v1.5 Expandable calculations on big integers (HO
)
))
\Fld@menulength=\count175
\Field@Width=\dimen137
\Fld@charsize=\dimen138
Package hyperref Info: Hyper figures OFF on input line 6430.
Package hyperref Info: Link nesting OFF on input line 6435.
Package hyperref Info: Hyper index ON on input line 6438.
Package hyperref Info: backreferencing OFF on input line 6445.
Package hyperref Info: Link coloring OFF on input line 6450.
Package hyperref Info: Link coloring with OCG OFF on input line 6455.
Package hyperref Info: PDF/A mode OFF on input line 6460.
LaTeX Info: Redefining \ref on input line 6500.
LaTeX Info: Redefining \pageref on input line 6504.
(/usr/share/texlive/texmf-dist/tex/generic/atbegshi/atbegshi.sty
Package: atbegshi 2019/12/05 v1.19 At begin shipout hook (HO)
)
\Hy@abspage=\count176
\c@Item=\count177
\c@Hfootnote=\count178
)
Package hyperref Info: Driver (autodetected): hxetex.
(/usr/share/texlive/texmf-dist/tex/latex/hyperref/hxetex.def
File: hxetex.def 2020/01/14 v7.00d Hyperref driver for XeTeX
(/usr/share/texlive/texmf-dist/tex/latex/hyperref/puenc.def
File: puenc.def 2020/01/14 v7.00d Hyperref: PDF Unicode definition (HO)
) (/usr/share/texlive/texmf-dist/tex/generic/stringenc/stringenc.sty
Package: stringenc 2019/11/29 v1.12 Convert strings between diff. encodings (HO
)
)
\pdfm@box=\box45
\c@Hy@AnnotLevel=\count179
\HyField@AnnotCount=\count180
\Fld@listcount=\count181
\c@bookmark@seq@number=\count182
(/usr/share/texlive/texmf-dist/tex/latex/rerunfilecheck/rerunfilecheck.sty
Package: rerunfilecheck 2019/12/05 v1.9 Rerun checks for auxiliary files (HO)
(/usr/share/texlive/texmf-dist/tex/latex/atveryend/atveryend.sty
Package: atveryend 2019-12-11 v1.11 Hooks at the very end of document (HO)
Package atveryend Info: \enddocument detected (standard20110627).
) (/usr/share/texlive/texmf-dist/tex/generic/uniquecounter/uniquecounter.sty
Package: uniquecounter 2019/12/15 v1.4 Provide unlimited unique counter (HO)
)
Package uniquecounter Info: New unique counter `rerunfilecheck' on input line 2
86.
)
\Hy@SectionHShift=\skip49
) (/usr/share/texlive/texmf-dist/tex/latex/datetime/datetime.sty
Package: datetime 2015/03/20 v2.60 Date Time Package
(/usr/share/texlive/texmf-dist/tex/latex/etoolbox/etoolbox.sty
Package: etoolbox 2019/09/21 v2.5h e-TeX tools for LaTeX (JAW)
\etb@tempcnta=\count183
) (/usr/share/texlive/texmf-dist/tex/latex/fmtcount/fmtcount.sty
Invalid UTF-8 byte or sequence at line 10 replaced by U+FFFD.
Invalid UTF-8 byte or sequence at line 22 replaced by U+FFFD.
Package: fmtcount 2020/01/30 v3.06
(/usr/share/texlive/texmf-dist/tex/latex/base/ifthen.sty
Package: ifthen 2014/09/29 v1.1c Standard LaTeX ifthen package (DPC)
) (/usr/share/texlive/texmf-dist/tex/latex/xkeyval/xkeyval.sty
Package: xkeyval 2014/12/03 v2.7a package option processing (HA)
(/usr/share/texlive/texmf-dist/tex/generic/xkeyval/xkeyval.tex (/usr/share/texl
ive/texmf-dist/tex/generic/xkeyval/xkvutils.tex
\XKV@toks=\toks15
\XKV@tempa@toks=\toks16
)
\XKV@depth=\count184
File: xkeyval.tex 2014/12/03 v2.7a key=value parser (HA)
)) (/usr/share/texlive/texmf-dist/tex/latex/fmtcount/fcprefix.sty
Invalid UTF-8 byte or sequence at line 10 replaced by U+FFFD.
Invalid UTF-8 byte or sequence at line 22 replaced by U+FFFD.
Package: fcprefix 2012/09/28
(/usr/share/texlive/texmf-dist/tex/latex/fmtcount/fcnumparser.sty
Invalid UTF-8 byte or sequence at line 10 replaced by U+FFFD.
Invalid UTF-8 byte or sequence at line 22 replaced by U+FFFD.
Package: fcnumparser 2017/06/15
\fc@digit@counter=\count185
)) (/usr/share/texlive/texmf-dist/tex/latex/amsmath/amsgen.sty
File: amsgen.sty 1999/11/30 v2.0 generic functions
\@emptytoks=\toks17
\ex@=\dimen139
)
\c@padzeroesN=\count186
\fc@tmpcatcode=\count187
\@DT@modctr=\count188
\@ordinalctr=\count189
\@orgargctr=\count190
\@strctr=\count191
\@tmpstrctr=\count192
\@DT@loopN=\count193
\@DT@X=\count194
) (/usr/share/texlive/texmf-dist/tex/latex/datetime/datetime-defaults.sty
Package: datetime-defaults 2013/09/10
)
\@day=\count195
\@month=\count196
\@year=\count197
\c@HOUR=\count198
\c@HOURXII=\count199
\c@MINUTE=\count266
\c@TOHOUR=\count267
\c@TOMINUTE=\count268
\c@SECOND=\count269
\currenthour=\count270
\currentminute=\count271
\currentsecond=\count272
Package datetime Info: No datetime.cfg file found, using default settings on in
put line 308.
\@dtctr=\count273
\dayofyear=\count274
\dayofweek=\count275
LaTeX Info: Redefining \today on input line 736.
\dt@a=\toks18
\dt@b=\toks19
) (/usr/share/texlive/texmf-dist/tex/latex/graphics/graphicx.sty
Package: graphicx 2019/11/30 v1.2a Enhanced LaTeX Graphics (DPC,SPQR)
(/usr/share/texlive/texmf-dist/tex/latex/graphics/graphics.sty
Package: graphics 2019/11/30 v1.4a Standard LaTeX Graphics (DPC,SPQR)
(/usr/share/texlive/texmf-dist/tex/latex/graphics/trig.sty
Package: trig 2016/01/03 v1.10 sin cos tan (DPC)
) (/usr/share/texlive/texmf-dist/tex/latex/graphics-cfg/graphics.cfg
File: graphics.cfg 2016/06/04 v1.11 sample graphics configuration
)
Package graphics Info: Driver file: xetex.def on input line 105.
(/usr/share/texlive/texmf-dist/tex/latex/graphics-def/xetex.def
File: xetex.def 2017/06/24 v5.0h Graphics/color driver for xetex
))
\Gin@req@height=\dimen140
\Gin@req@width=\dimen141
) (/usr/share/texlive/texmf-dist/tex/latex/natbib/natbib.sty
Package: natbib 2010/09/13 8.31b (PWD, AO)
\bibhang=\skip50
\bibsep=\skip51
LaTeX Info: Redefining \cite on input line 694.
\c@NAT@ctr=\count276
) (/usr/share/texlive/texmf-dist/tex/latex/amsmath/amsmath.sty
Package: amsmath 2020/01/20 v2.17e AMS math features
\@mathmargin=\skip52
For additional information on amsmath, use the `?' option.
(/usr/share/texlive/texmf-dist/tex/latex/amsmath/amstext.sty
Package: amstext 2000/06/29 v2.01 AMS text
) (/usr/share/texlive/texmf-dist/tex/latex/amsmath/amsbsy.sty
Package: amsbsy 1999/11/29 v1.2d Bold Symbols
\pmbraise@=\dimen142
) (/usr/share/texlive/texmf-dist/tex/latex/amsmath/amsopn.sty
Package: amsopn 2016/03/08 v2.02 operator names
)
\inf@bad=\count277
LaTeX Info: Redefining \frac on input line 227.
\uproot@=\count278
\leftroot@=\count279
LaTeX Info: Redefining \overline on input line 389.
\classnum@=\count280
\DOTSCASE@=\count281
LaTeX Info: Redefining \ldots on input line 486.
LaTeX Info: Redefining \dots on input line 489.
LaTeX Info: Redefining \cdots on input line 610.
\Mathstrutbox@=\box46
\strutbox@=\box47
\big@size=\dimen143
LaTeX Font Info:    Redeclaring font encoding OML on input line 733.
LaTeX Font Info:    Redeclaring font encoding OMS on input line 734.
\macc@depth=\count282
\c@MaxMatrixCols=\count283
\dotsspace@=\muskip17
\c@parentequation=\count284
\dspbrk@lvl=\count285
\tag@help=\toks20
\row@=\count286
\column@=\count287
\maxfields@=\count288
\andhelp@=\toks21
\eqnshift@=\dimen144
\alignsep@=\dimen145
\tagshift@=\dimen146
\tagwidth@=\dimen147
\totwidth@=\dimen148
\lineht@=\dimen149
\@envbody=\toks22
\multlinegap=\skip53
\multlinetaggap=\skip54
\mathdisplay@stack=\toks23
LaTeX Info: Redefining \[ on input line 2859.
LaTeX Info: Redefining \] on input line 2860.
) (/usr/share/texlive/texmf-dist/tex/latex/booktabs/booktabs.sty
Package: booktabs 2020/01/12 v1.61803398 Publication quality tables
\heavyrulewidth=\dimen150
\lightrulewidth=\dimen151
\cmidrulewidth=\dimen152
\belowrulesep=\dimen153
\belowbottomsep=\dimen154
\aboverulesep=\dimen155
\abovetopsep=\dimen156
\cmidrulesep=\dimen157
\cmidrulekern=\dimen158
\defaultaddspace=\dimen159
\@cmidla=\count289
\@cmidlb=\count290
\@aboverulesep=\dimen160
\@belowrulesep=\dimen161
\@thisruleclass=\count291
\@lastruleclass=\count292
\@thisrulewidth=\dimen162
) (/usr/share/texlive/texmf-dist/tex/latex/framed/framed.sty
Package: framed 2011/10/22 v 0.96: framed or shaded text with page breaks
\OuterFrameSep=\skip55
\fb@frw=\dimen163
\fb@frh=\dimen164
\FrameRule=\dimen165
\FrameSep=\dimen166
)
Package hyperref Info: Option `colorlinks' set `true' on input line 19.
(/usr/share/texlive/texmf-dist/tex/latex/l3backend/l3backend-xdvipdfmx.def
File: l3backend-xdvipdfmx.def 2020-02-03 L3 backend support: xdvipdfmx
\g__graphics_track_int=\count293
\l__pdf_internal_box=\box48
\g__pdf_backend_object_int=\count294
\g__pdf_backend_annotation_int=\count295
) (./intro_microcredential_UCLM.aux (./intro_microcredential_UCLM-agenda.aux) (
./intro_microcredential_UCLM-getting-started.aux) (./intro_microcredential_UCLM
-geophysics-basics.aux) (./intro_microcredential_UCLM-resipy-introduction.aux) 
(./intro_microcredential_UCLM-emagpy-introduction.aux) (./intro_microcredential
_UCLM-readme.aux))
\openout1 = `intro_microcredential_UCLM.aux'.

LaTeX Font Info:    Checking defaults for OML/cmm/m/it on input line 32.
LaTeX Font Info:    ... okay on input line 32.
LaTeX Font Info:    Checking defaults for OMS/cmsy/m/n on input line 32.
LaTeX Font Info:    ... okay on input line 32.
LaTeX Font Info:    Checking defaults for OT1/cmr/m/n on input line 32.
LaTeX Font Info:    ... okay on input line 32.
LaTeX Font Info:    Checking defaults for T1/cmr/m/n on input line 32.
LaTeX Font Info:    ... okay on input line 32.
LaTeX Font Info:    Checking defaults for TS1/cmr/m/n on input line 32.
LaTeX Font Info:    Trying to load font information for TS1+cmr on input line 3
2.
(/usr/share/texlive/texmf-dist/tex/latex/base/ts1cmr.fd
File: ts1cmr.fd 2019/12/16 v2.5j Standard LaTeX font definitions
)
LaTeX Font Info:    ... okay on input line 32.
LaTeX Font Info:    Checking defaults for TU/lmr/m/n on input line 32.
LaTeX Font Info:    ... okay on input line 32.
LaTeX Font Info:    Checking defaults for OMX/cmex/m/n on input line 32.
LaTeX Font Info:    ... okay on input line 32.
LaTeX Font Info:    Checking defaults for U/cmr/m/n on input line 32.
LaTeX Font Info:    ... okay on input line 32.
LaTeX Font Info:    Checking defaults for PD1/pdf/m/n on input line 32.
LaTeX Font Info:    ... okay on input line 32.
LaTeX Font Info:    Checking defaults for PU/pdf/m/n on input line 32.
LaTeX Font Info:    ... okay on input line 32.
\AtBeginShipoutBox=\box49
(/usr/share/texlive/texmf-dist/tex/latex/graphics/color.sty
Package: color 2019/11/23 v1.2a Standard LaTeX Color (DPC)
(/usr/share/texlive/texmf-dist/tex/latex/graphics-cfg/color.cfg
File: color.cfg 2016/01/02 v1.6 sample color configuration
)
Package color Info: Driver file: xetex.def on input line 147.
)
Package hyperref Info: Link coloring ON on input line 32.
(/usr/share/texlive/texmf-dist/tex/latex/hyperref/nameref.sty
Package: nameref 2019/09/16 v2.46 Cross-referencing by name of section
(/usr/share/texlive/texmf-dist/tex/latex/refcount/refcount.sty
Package: refcount 2019/12/15 v3.6 Data extraction from label references (HO)
) (/usr/share/texlive/texmf-dist/tex/generic/gettitlestring/gettitlestring.sty
Package: gettitlestring 2019/12/15 v1.6 Cleanup title references (HO)
)
\c@section@level=\count296
)
LaTeX Info: Redefining \ref on input line 32.
LaTeX Info: Redefining \pageref on input line 32.
LaTeX Info: Redefining \nameref on input line 32.
(./intro_microcredential_UCLM.out) (./intro_microcredential_UCLM.out)
\@outlinefile=\write3
\openout3 = `intro_microcredential_UCLM.out'.

(/usr/share/texlive/texmf-dist/tex/latex/fmtcount/fc-english.def
Invalid UTF-8 byte or sequence at line 10 replaced by U+FFFD.
Invalid UTF-8 byte or sequence at line 22 replaced by U+FFFD.
File: fc-english.def 2016/01/12
)
File: curvenote.png Graphic file (type bmp)
<curvenote.png>
Missing character: There is no 📅 in font [lmroman12-bold]:mapping=tex-text;!
(/usr/share/texlive/texmf-dist/tex/generic/stringenc/se-ascii-print.def
File: se-ascii-print.def 2019/11/29 v1.12 stringenc: Printable ASCII characters

) [1

]
\openout2 = `intro_microcredential_UCLM-agenda.aux'.

(./intro_microcredential_UCLM-agenda.tex
Underfull \hbox (badness 10000) in paragraph at lines 10--11
[]\TU/lmr/m/n/10 Integración de
 []


Underfull \hbox (badness 1803) in paragraph at lines 10--11
\TU/lmr/m/n/10 datos geofísicos:
 []


Underfull \hbox (badness 10000) in paragraph at lines 11--12
[]\TU/lmr/m/n/10 Caso práctico:
 []


Underfull \hbox (badness 10000) in paragraph at lines 11--12
\TU/lmr/m/n/10 humedad del
 []


Underfull \hbox (badness 10000) in paragraph at lines 12--13
[]\TU/lmr/m/n/10 Caso práctico:
 []


Underfull \hbox (badness 2689) in paragraph at lines 12--13
\TU/lmr/m/n/10 diques de sedi-
 []

) [2

]
Missing character: There is no 📚 in font [lmroman12-bold]:mapping=tex-text;!
[3

]
\openout2 = `intro_microcredential_UCLM-getting-started.aux'.

(./intro_microcredential_UCLM-getting-started.tex
Underfull \hbox (badness 10000) in paragraph at lines 26--27

 []

) [4

]
Missing character: There is no 🐍 in font [lmroman12-bold]:mapping=tex-text;!
[5

]
\openout2 = `intro_microcredential_UCLM-geophysics-basics.aux'.

(./intro_microcredential_UCLM-geophysics-basics.tex
Underfull \hbox (badness 10000) in paragraph at lines 4--5

 []

[6

]
Overfull \hbox (96.0pt too wide) in paragraph at lines 86--86
[]            \TU/lmtt/m/n/10 color=plt.cm.RdYlBu_r(i / len(materials)), edgeco
lor='k', linewidth=0.5)[] 
 []


Overfull \hbox (59.25pt too wide) in paragraph at lines 86--86
[]    \TU/lmtt/m/n/10 ax.text(np.log10(lo) - 0.05, i, mat, ha='right', va='cent
er', fontsize=9)[] 
 []

Missing character: There is no ₁ in font [lmmono10-regular]:!
Missing character: There is no ₀ in font [lmmono10-regular]:!
[7]
Overfull \hbox (6.75pt too wide) in paragraph at lines 140--140
[]\TU/lmtt/m/n/10 # Synthetic voltages for a uniform half -space (rho = 100 \Om
ega·m)[] 
 []


Overfull \hbox (237.75pt too wide) in paragraph at lines 140--140
[]\TU/lmtt/m/n/10 print(f"Apparent resist.   = {rho_a:.1f} \Omega·m  (should eq
ual {rho_true} \Omega·m for uniform half -space)")[] 
 []


Overfull \hbox (27.75pt too wide) in paragraph at lines 178--178
[]\TU/lmtt/m/n/10 ax.axhline(0, color='saddlebrown', linewidth=2, label='Ground
 surface')[] 
 []


Overfull \hbox (96.0pt too wide) in paragraph at lines 178--178
[]\TU/lmtt/m/n/10 colours   = {'A': 'firebrick', 'M': 'steelblue', 'N': 'steelb
lue', 'B': 'firebrick'}[] 
 []


Overfull \hbox (117.0pt too wide) in paragraph at lines 178--178
[]\TU/lmtt/m/n/10 roles     = {'A': 'Current +', 'M': 'Potential +', 'N': 'Pote
ntial -', 'B': 'Current -'}[] 
 []


Overfull \hbox (148.5pt too wide) in paragraph at lines 178--178
[]    \TU/lmtt/m/n/10 ax.text(x, 0.25, label, ha='center', fontsize=12, fontwei
ght='bold', color=colours[label])[] 
 []


Overfull \hbox (43.5pt too wide) in paragraph at lines 178--178
[]    \TU/lmtt/m/n/10 ax.text(x, -0.55, roles[label], ha='center', fontsize=8, 
color='gray')[] 
 []

[8]
Overfull \hbox (6.75pt too wide) in paragraph at lines 178--178
[]\TU/lmtt/m/n/10 for (x0, x1), txt in [((0, 2), 'a'), ((2, 4), 'a'), ((4, 6), 
'a')]:[] 
 []


Overfull \hbox (1.5pt too wide) in paragraph at lines 178--178
[]\TU/lmtt/m/n/10 ax.set_title("Wenner array — equal electrode spacing $a$", pa
d=12)[] 
 []

) [9]
Missing character: There is no ⚡ in font [lmroman12-bold]:mapping=tex-text;!
[10

]
\openout2 = `intro_microcredential_UCLM-resipy-introduction.aux'.

(./intro_microcredential_UCLM-resipy-introduction.tex
Underfull \hbox (badness 10000) in paragraph at lines 8--9

 []

[11

] [12]
Overfull \hbox (27.75pt too wide) in paragraph at lines 133--133
[]    \TU/lmtt/m/n/10 rho_a = np.exp(np.random.normal(loc=4.5, scale=0.4, size=
n_points))[] 
 []


Overfull \hbox (12.0pt too wide) in paragraph at lines 133--133
[]                    \TU/lmtt/m/n/10 c=rho_a, cmap=cmap, norm=norm, s=60, mark
er='v')[] 
 []

[13]
Overfull \hbox (33.0pt too wide) in paragraph at lines 196--196
[]\TU/lmtt/m/n/10 rho[(Z > -12) & (Z < -8) & (X > 15) & (X < 30)] = 12   # cond
uctive body[] 
 []


Overfull \hbox (159.0pt too wide) in paragraph at lines 196--196
[]\TU/lmtt/m/n/10 im = ax.pcolormesh(X, Z, rho, cmap='RdYlBu_r', norm=LogNorm(v
min=10, vmax=1000), shading='auto')[] 
 []


Underfull \hbox (badness 10000) in paragraph at lines 212--213
[]\TU/lmr/m/n/10 Saline groundwater,
 []


Underfull \hbox (badness 10000) in paragraph at lines 217--218
[]\TU/lmr/m/n/10 Dry sand, gravel,
 []


Underfull \hbox (badness 6141) in paragraph at lines 218--219
[]\TU/lmr/m/n/10 Lithological boundary
 []

[14]) [15]
Missing character: There is no ⚛ in font [lmroman12-bold]:mapping=tex-text;!
[16

]
\openout2 = `intro_microcredential_UCLM-emagpy-introduction.aux'.

(./intro_microcredential_UCLM-emagpy-introduction.tex
Underfull \hbox (badness 10000) in paragraph at lines 8--9

 []

[17

]
Overfull \hbox (38.25pt too wide) in paragraph at lines 67--67
[]    \TU/lmtt/m/n/10 return (2*z) / (4*z**2 + s**2)**0.5 - (4*z**3) / (4*z**2 
+ s**2)**1.5[] 
 []


Overfull \hbox (143.25pt too wide) in paragraph at lines 67--67
[]\TU/lmtt/m/n/10 ax.plot(sensitivity_HCP(z), z, label='HCP (vertical dipole)',
 color='steelblue', linewidth=2)[] 
 []


Overfull \hbox (248.25pt too wide) in paragraph at lines 67--67
[]\TU/lmtt/m/n/10 ax.plot(sensitivity_VCP(z), z, label='VCP (horizontal dipole)
', color='firebrick', linewidth=2, linestyle=' - -')[] 
 []


Overfull \hbox (48.75pt too wide) in paragraph at lines 101--101
[]\TU/lmtt/m/n/10 header = "x, y, ECa_HCP_0.32m, ECa_HCP_0.71m, ECa_HCP_1.18m, 
ECa_VCP_0.32m"[] 
 []

[18]
Overfull \hbox (48.75pt too wide) in paragraph at lines 176--176
[]\TU/lmtt/m/n/10 # k.setInit(conds0=[30, 30, 30],    # initial conductivity (m
S/m) per layer[] 
 []


Overfull \hbox (22.5pt too wide) in paragraph at lines 176--176
[]\TU/lmtt/m/n/10 # k.showResults()                   # plot conductivity maps 
per layer[] 
 []


Overfull \hbox (12.0pt too wide) in paragraph at lines 176--176
[]\TU/lmtt/m/n/10 layer_labels  = ["Topsoil", "Clay lens", "Sandy subsoil", "Be
drock"][] 
 []


Overfull \hbox (12.0pt too wide) in paragraph at lines 176--176
[]    \TU/lmtt/m/n/10 bottom = -layer_depths[i+1] if i+1 < len(layer_depths) el
se -5.5[] 
 []


Overfull \hbox (6.75pt too wide) in paragraph at lines 176--176
[]    \TU/lmtt/m/n/10 rect = plt.Rectangle((0, bottom), layer_conds[i], top - b
ottom,[] 
 []

[19]
Overfull \hbox (96.0pt too wide) in paragraph at lines 176--176
[]                          \TU/lmtt/m/n/10 color=colors[i], alpha=0.85, edgeco
lor='k', linewidth=0.8)[] 
 []


Underfull \hbox (badness 1577) in paragraph at lines 194--194
[]\TU/lmr/m/n/10 High (dense electrode
 []


Underfull \hbox (badness 2005) in paragraph at lines 194--195
[]\TU/lmr/m/n/10 Lower (smooth depth
 []

[20]) [21]
Missing character: There is no 💧 in font [lmroman12-bold]:mapping=tex-text;!
Missing character: There is no 🪨 in font [lmroman12-bold]:mapping=tex-text;!
Missing character: There is no 🧪 in font [lmroman12-bold]:mapping=tex-text;!
[22

]
\openout2 = `intro_microcredential_UCLM-readme.aux'.

(./intro_microcredential_UCLM-readme.tex
LaTeX Font Info:    Font shape `TU/lmtt/bx/n' in size <10> not available
(Font)              Font shape `TU/lmtt/b/n' tried instead on input line 19.
Missing character: There is no ├ in font [lmmono10-regular]:!
Missing character: There is no ─ in font [lmmono10-regular]:!
Missing character: There is no ─ in font [lmmono10-regular]:!
Missing character: There is no │ in font [lmmono10-regular]:!
Missing character: There is no ├ in font [lmmono10-regular]:!
Missing character: There is no ─ in font [lmmono10-regular]:!
Missing character: There is no ─ in font [lmmono10-regular]:!
Missing character: There is no │ in font [lmmono10-regular]:!
Missing character: There is no └ in font [lmmono10-regular]:!
Missing character: There is no ─ in font [lmmono10-regular]:!
Missing character: There is no ─ in font [lmmono10-regular]:!
Missing character: There is no │ in font [lmmono10-regular]:!
Missing character: There is no └ in font [lmmono10-regular]:!
Missing character: There is no ─ in font [lmmono10-regular]:!
Missing character: There is no ─ in font [lmmono10-regular]:!
Missing character: There is no ├ in font [lmmono10-regular]:!
Missing character: There is no ─ in font [lmmono10-regular]:!
Missing character: There is no ─ in font [lmmono10-regular]:!
Missing character: There is no │ in font [lmmono10-regular]:!
Missing character: There is no ├ in font [lmmono10-regular]:!
Missing character: There is no ─ in font [lmmono10-regular]:!
Missing character: There is no ─ in font [lmmono10-regular]:!
Missing character: There is no │ in font [lmmono10-regular]:!
Missing character: There is no └ in font [lmmono10-regular]:!
Missing character: There is no ─ in font [lmmono10-regular]:!
Missing character: There is no ─ in font [lmmono10-regular]:!
Missing character: There is no │ in font [lmmono10-regular]:!
Missing character: There is no └ in font [lmmono10-regular]:!
Missing character: There is no ─ in font [lmmono10-regular]:!
Missing character: There is no ─ in font [lmmono10-regular]:!
Missing character: There is no ├ in font [lmmono10-regular]:!
Missing character: There is no ─ in font [lmmono10-regular]:!
Missing character: There is no ─ in font [lmmono10-regular]:!
Missing character: There is no │ in font [lmmono10-regular]:!
Missing character: There is no ├ in font [lmmono10-regular]:!
Missing character: There is no ─ in font [lmmono10-regular]:!
Missing character: There is no ─ in font [lmmono10-regular]:!
Missing character: There is no │ in font [lmmono10-regular]:!
Missing character: There is no └ in font [lmmono10-regular]:!
Missing character: There is no ─ in font [lmmono10-regular]:!
Missing character: There is no ─ in font [lmmono10-regular]:!
Missing character: There is no │ in font [lmmono10-regular]:!
Missing character: There is no └ in font [lmmono10-regular]:!
Missing character: There is no ─ in font [lmmono10-regular]:!
Missing character: There is no ─ in font [lmmono10-regular]:!
Missing character: There is no └ in font [lmmono10-regular]:!
Missing character: There is no ─ in font [lmmono10-regular]:!
Missing character: There is no ─ in font [lmmono10-regular]:!
Missing character: There is no ├ in font [lmmono10-regular]:!
Missing character: There is no ─ in font [lmmono10-regular]:!
Missing character: There is no ─ in font [lmmono10-regular]:!
Missing character: There is no └ in font [lmmono10-regular]:!
Missing character: There is no ─ in font [lmmono10-regular]:!
Missing character: There is no ─ in font [lmmono10-regular]:!
Missing character: There is no └ in font [lmmono10-regular]:!
Missing character: There is no ─ in font [lmmono10-regular]:!
Missing character: There is no ─ in font [lmmono10-regular]:!

Underfull \hbox (badness 1168) in paragraph at lines 65--66
[]\TU/lmr/m/n/10 Experiment — change parameters
 []


Underfull \hbox (badness 1168) in paragraph at lines 66--67
[]\TU/lmr/m/n/10 Compare your approach with the
 []

[23

]) [24]
Package atveryend Info: Empty hook `BeforeClearDocument' on input line 72.
Package atveryend Info: Empty hook `AfterLastShipout' on input line 72.
(./intro_microcredential_UCLM.aux (./intro_microcredential_UCLM-agenda.aux) (./
intro_microcredential_UCLM-getting-started.aux) (./intro_microcredential_UCLM-g
eophysics-basics.aux) (./intro_microcredential_UCLM-resipy-introduction.aux) (.
/intro_microcredential_UCLM-emagpy-introduction.aux) (./intro_microcredential_U
CLM-readme.aux))
Package atveryend Info: Empty hook `AtVeryEndDocument' on input line 72.
Package atveryend Info: Executing hook `AtEndAfterFileList' on input line 72.
Package rerunfilecheck Info: File `intro_microcredential_UCLM.out' has not chan
ged.
(rerunfilecheck)             Checksum: 6FFFA41B1B5E49E5D8AEA4D0A6F9A05B;1481.
Package atveryend Info: Empty hook `AtVeryVeryEnd' on input line 72.
 ) 
Here is how much of TeX's memory you used:
 10648 strings out of 481804
 153857 string characters out of 5937876
 423207 words of memory out of 5000000
 27437 multiletter control sequences out of 15000+600000
 536666 words of font info for 52 fonts, out of 8000000 for 9000
 14 hyphenation exceptions out of 8191
 39i,11n,49p,1029b,530s stack positions out of 5000i,500n,10000p,200000b,80000s

Output written on intro_microcredential_UCLM.xdv (24 pages, 184012 bytes).
