\BOOKMARK [1][-]{section.1}{📅 Agenda}{}% 1
\BOOKMARK [2][-]{subsection.1.1}{Agenda — Bloque 2 \(7h\)}{section.1}% 2
\BOOKMARK [3][-]{subsubsection.1.1.1}{Acquisition\040and\040Integration\040of\040Geophysical\040Data}{subsection.1.1}% 3
\BOOKMARK [1][-]{section.2}{📚 How-to}{}% 4
\BOOKMARK [2][-]{subsection.2.1}{Getting\040Started}{section.2}% 5
\BOOKMARK [3][-]{subsubsection.2.1.1}{Course\040Structure}{subsection.2.1}% 6
\BOOKMARK [3][-]{subsubsection.2.1.2}{Tips\040for\040Success}{subsection.2.1}% 7
\BOOKMARK [1][-]{section.3}{Theory}{}% 8
\BOOKMARK [2][-]{subsection.3.1}{🐍 Bloc 1 · Fundamentals}{section.3}% 9
\BOOKMARK [3][-]{subsubsection.3.1.1}{Introduction\040to\040Geophysics}{subsection.3.1}% 10
\BOOKMARK [2][-]{subsection.3.2}{⚡ Bloc 2 · Resistivity with resipy}{section.3}% 11
\BOOKMARK [3][-]{subsubsection.3.2.1}{Introduction\040to\040resipy}{subsection.3.2}% 12
\BOOKMARK [2][-]{subsection.3.3}{⚛ Bloc 3 · Electromagnetics with emagpy}{section.3}% 13
\BOOKMARK [3][-]{subsubsection.3.3.1}{Introduction\040to\040emagpy}{subsection.3.3}% 14
\BOOKMARK [1][-]{section.4}{Practical\040Cases}{}% 15
\BOOKMARK [2][-]{subsection.4.1}{💧 Humedad del suelo a escala de cuenca}{section.4}% 16
\BOOKMARK [2][-]{subsection.4.2}{🪨 Diques de sedimentación}{section.4}% 17
\BOOKMARK [1][-]{section.5}{🧪 Exercises}{}% 18
\BOOKMARK [2][-]{subsection.5.1}{Course\040Exercises}{section.5}% 19
\BOOKMARK [3][-]{subsubsection.5.1.1}{}{subsection.5.1}% 20
